<?xml version="1.0" encoding="UTF-8"?>
<coverage generated="1625086595706" clover="3.2.0">
  <project timestamp="1625086595706" name="All files">
    <metrics statements="90" coveredstatements="45" conditionals="46" coveredconditionals="2" methods="41" coveredmethods="5" elements="177" coveredelements="52" complexity="0" loc="90" ncloc="90" packages="6" files="13" classes="13">
      <package name="src">
        <metrics statements="2" coveredstatements="2" conditionals="0" coveredconditionals="0" methods="1" coveredmethods="1"/>
        <file name="routes.jsx" path="/Users/grantstevens/dev/rocket-ui-test/src/routes.jsx">
          <metrics statements="2" coveredstatements="2" conditionals="0" coveredconditionals="0" methods="1" coveredmethods="1"/>
          <line num="8" count="1" type="stmt"/>
          <line num="9" count="1" type="stmt"/>
        </file>
      </package>
      <package name="src.actions">
        <metrics statements="9" coveredstatements="6" conditionals="4" coveredconditionals="0" methods="6" coveredmethods="0"/>
        <file name="Launches.js" path="/Users/grantstevens/dev/rocket-ui-test/src/actions/Launches.js">
          <metrics statements="9" coveredstatements="6" conditionals="4" coveredconditionals="0" methods="6" coveredmethods="0"/>
          <line num="3" count="1" type="stmt"/>
          <line num="8" count="1" type="stmt"/>
          <line num="12" count="1" type="stmt"/>
          <line num="19" count="1" type="stmt"/>
          <line num="20" count="0" type="stmt"/>
          <line num="21" count="0" type="stmt"/>
          <line num="24" count="1" type="cond" truecount="0" falsecount="2"/>
          <line num="26" count="1" type="stmt"/>
          <line num="27" count="0" type="cond" truecount="0" falsecount="2"/>
        </file>
      </package>
      <package name="src.components">
        <metrics statements="32" coveredstatements="18" conditionals="27" coveredconditionals="2" methods="14" coveredmethods="2"/>
        <file name="DisplayField.jsx" path="/Users/grantstevens/dev/rocket-ui-test/src/components/DisplayField.jsx">
          <metrics statements="2" coveredstatements="2" conditionals="0" coveredconditionals="0" methods="1" coveredmethods="1"/>
          <line num="5" count="3" type="stmt"/>
          <line num="7" count="3" type="stmt"/>
        </file>
        <file name="LaunchCard.jsx" path="/Users/grantstevens/dev/rocket-ui-test/src/components/LaunchCard.jsx">
          <metrics statements="5" coveredstatements="5" conditionals="5" coveredconditionals="2" methods="2" coveredmethods="1"/>
          <line num="8" count="2" type="cond" truecount="0" falsecount="1"/>
          <line num="9" count="1" type="stmt"/>
          <line num="10" count="1" type="stmt"/>
          <line num="13" count="1" type="stmt"/>
          <line num="29" count="2" type="stmt"/>
        </file>
        <file name="LaunchDetail.jsx" path="/Users/grantstevens/dev/rocket-ui-test/src/components/LaunchDetail.jsx">
          <metrics statements="16" coveredstatements="6" conditionals="19" coveredconditionals="0" methods="6" coveredmethods="0"/>
          <line num="12" count="1" type="stmt"/>
          <line num="23" count="1" type="stmt"/>
          <line num="27" count="1" type="stmt"/>
          <line num="31" count="1" type="stmt"/>
          <line num="35" count="1" type="cond" truecount="0" falsecount="1"/>
          <line num="36" count="0" type="cond" truecount="0" falsecount="2"/>
          <line num="37" count="0" type="stmt"/>
          <line num="38" count="0" type="stmt"/>
          <line num="41" count="0" type="stmt"/>
          <line num="42" count="0" type="stmt"/>
          <line num="44" count="0" type="stmt"/>
          <line num="45" count="0" type="stmt"/>
          <line num="48" count="0" type="stmt"/>
          <line num="55" count="0" type="stmt"/>
          <line num="75" count="0" type="stmt"/>
          <line num="87" count="1" type="stmt"/>
        </file>
        <file name="Navigation.jsx" path="/Users/grantstevens/dev/rocket-ui-test/src/components/Navigation.jsx">
          <metrics statements="3" coveredstatements="1" conditionals="0" coveredconditionals="0" methods="1" coveredmethods="0"/>
          <line num="7" count="1" type="stmt"/>
          <line num="8" count="0" type="stmt"/>
          <line num="11" count="0" type="stmt"/>
        </file>
        <file name="tabs.jsx" path="/Users/grantstevens/dev/rocket-ui-test/src/components/tabs.jsx">
          <metrics statements="6" coveredstatements="4" conditionals="3" coveredconditionals="0" methods="4" coveredmethods="0"/>
          <line num="7" count="1" type="cond" truecount="0" falsecount="1"/>
          <line num="9" count="0" type="cond" truecount="0" falsecount="2"/>
          <line num="10" count="0" type="stmt"/>
          <line num="15" count="1" type="stmt"/>
          <line num="27" count="1" type="stmt"/>
          <line num="31" count="1" type="stmt"/>
        </file>
      </package>
      <package name="src.services">
        <metrics statements="7" coveredstatements="4" conditionals="0" coveredconditionals="0" methods="3" coveredmethods="0"/>
        <file name="LaunchService.js" path="/Users/grantstevens/dev/rocket-ui-test/src/services/LaunchService.js">
          <metrics statements="7" coveredstatements="4" conditionals="0" coveredconditionals="0" methods="3" coveredmethods="0"/>
          <line num="3" count="1" type="stmt"/>
          <line num="5" count="1" type="stmt"/>
          <line num="6" count="1" type="stmt"/>
          <line num="8" count="1" type="stmt"/>
          <line num="9" count="0" type="stmt"/>
          <line num="10" count="0" type="stmt"/>
          <line num="11" count="0" type="stmt"/>
        </file>
      </package>
      <package name="src.shared">
        <metrics statements="9" coveredstatements="7" conditionals="6" coveredconditionals="0" methods="3" coveredmethods="1"/>
        <file name="SvgIcon.jsx" path="/Users/grantstevens/dev/rocket-ui-test/src/shared/SvgIcon.jsx">
          <metrics statements="8" coveredstatements="6" conditionals="6" coveredconditionals="0" methods="3" coveredmethods="1"/>
          <line num="5" count="1" type="stmt"/>
          <line num="12" count="1" type="cond" truecount="0" falsecount="4"/>
          <line num="15" count="0" type="cond" truecount="0" falsecount="2"/>
          <line num="16" count="0" type="stmt"/>
          <line num="26" count="1" type="stmt"/>
          <line num="27" count="1" type="stmt"/>
          <line num="28" count="1" type="stmt"/>
          <line num="29" count="1" type="stmt"/>
        </file>
        <file name="constants.js" path="/Users/grantstevens/dev/rocket-ui-test/src/shared/constants.js">
          <metrics statements="1" coveredstatements="1" conditionals="0" coveredconditionals="0" methods="0" coveredmethods="0"/>
          <line num="1" count="1" type="stmt"/>
        </file>
      </package>
      <package name="src.views">
        <metrics statements="31" coveredstatements="8" conditionals="9" coveredconditionals="0" methods="14" coveredmethods="1"/>
        <file name="ConnectedView.jsx" path="/Users/grantstevens/dev/rocket-ui-test/src/views/ConnectedView.jsx">
          <metrics statements="6" coveredstatements="4" conditionals="0" coveredconditionals="0" methods="4" coveredmethods="1"/>
          <line num="8" count="1" type="stmt"/>
          <line num="9" count="0" type="stmt"/>
          <line num="14" count="0" type="stmt"/>
          <line num="21" count="1" type="stmt"/>
          <line num="23" count="1" type="stmt"/>
          <line num="27" count="1" type="stmt"/>
        </file>
        <file name="Launches.jsx" path="/Users/grantstevens/dev/rocket-ui-test/src/views/Launches.jsx">
          <metrics statements="19" coveredstatements="2" conditionals="9" coveredconditionals="0" methods="8" coveredmethods="0"/>
          <line num="10" count="1" type="cond" truecount="0" falsecount="1"/>
          <line num="12" count="0" type="cond" truecount="0" falsecount="1"/>
          <line num="13" count="0" type="stmt"/>
          <line num="14" count="0" type="stmt"/>
          <line num="16" count="0" type="stmt"/>
          <line num="17" count="0" type="stmt"/>
          <line num="23" count="0" type="stmt"/>
          <line num="25" count="0" type="cond" truecount="0" falsecount="2"/>
          <line num="26" count="0" type="stmt"/>
          <line num="29" count="0" type="stmt"/>
          <line num="30" count="0" type="stmt"/>
          <line num="32" count="0" type="stmt"/>
          <line num="33" count="0" type="stmt"/>
          <line num="38" count="0" type="stmt"/>
          <line num="42" count="0" type="stmt"/>
          <line num="43" count="0" type="stmt"/>
          <line num="46" count="0" type="stmt"/>
          <line num="54" count="0" type="stmt"/>
          <line num="72" count="1" type="stmt"/>
        </file>
        <file name="Layout.jsx" path="/Users/grantstevens/dev/rocket-ui-test/src/views/Layout.jsx">
          <metrics statements="6" coveredstatements="2" conditionals="0" coveredconditionals="0" methods="2" coveredmethods="0"/>
          <line num="6" count="1" type="stmt"/>
          <line num="9" count="0" type="stmt"/>
          <line num="11" count="0" type="stmt"/>
          <line num="12" count="0" type="stmt"/>
          <line num="15" count="0" type="stmt"/>
          <line num="43" count="1" type="stmt"/>
        </file>
      </package>
    </metrics>
  </project>
</coverage>
