{"/Users/grantstevens/dev/rocket-ui-test/src/routes.jsx": {"path":"/Users/grantstevens/dev/rocket-ui-test/src/routes.jsx","statementMap":{"0":{"start":{"line":8,"column":15},"end":{"line":15,"column":1}},"1":{"start":{"line":9,"column":2},"end":{"line":14,"column":11}}},"fnMap":{"0":{"name":"(anonymous_0)","decl":{"start":{"line":8,"column":15},"end":{"line":8,"column":16}},"loc":{"start":{"line":9,"column":2},"end":{"line":14,"column":11}},"line":9}},"branchMap":{},"s":{"0":1,"1":1},"f":{"0":1},"b":{},"_coverageSchema":"332fd63041d2c1bcb487cc26dd0d5f7d97098a6c","hash":"6d9410516d098384b62da5ef05c1477750d86dd9"}
,"/Users/grantstevens/dev/rocket-ui-test/src/actions/Launches.js": {"path":"/Users/grantstevens/dev/rocket-ui-test/src/actions/Launches.js","statementMap":{"0":{"start":{"line":3,"column":23},"end":{"line":6,"column":1}},"1":{"start":{"line":8,"column":31},"end":{"line":10,"column":2}},"2":{"start":{"line":8,"column":38},"end":{"line":10,"column":1}},"3":{"start":{"line":12,"column":24},"end":{"line":17,"column":2}},"4":{"start":{"line":12,"column":37},"end":{"line":17,"column":1}},"5":{"start":{"line":19,"column":29},"end":{"line":22,"column":1}},"6":{"start":{"line":20,"column":2},"end":{"line":20,"column":30}},"7":{"start":{"line":21,"column":2},"end":{"line":21,"column":91}},"8":{"start":{"line":21,"column":54},"end":{"line":21,"column":89}},"9":{"start":{"line":24,"column":28},"end":{"line":24,"column":95}},"10":{"start":{"line":24,"column":48},"end":{"line":24,"column":95}},"11":{"start":{"line":26,"column":37},"end":{"line":27,"column":66}},"12":{"start":{"line":27,"column":2},"end":{"line":27,"column":66}}},"fnMap":{"0":{"name":"(anonymous_0)","decl":{"start":{"line":8,"column":31},"end":{"line":8,"column":32}},"loc":{"start":{"line":8,"column":38},"end":{"line":10,"column":1}},"line":8},"1":{"name":"(anonymous_1)","decl":{"start":{"line":12,"column":24},"end":{"line":12,"column":25}},"loc":{"start":{"line":12,"column":37},"end":{"line":17,"column":1}},"line":12},"2":{"name":"(anonymous_2)","decl":{"start":{"line":19,"column":29},"end":{"line":19,"column":30}},"loc":{"start":{"line":19,"column":41},"end":{"line":22,"column":1}},"line":19},"3":{"name":"(anonymous_3)","decl":{"start":{"line":21,"column":42},"end":{"line":21,"column":43}},"loc":{"start":{"line":21,"column":54},"end":{"line":21,"column":89}},"line":21},"4":{"name":"(anonymous_4)","decl":{"start":{"line":24,"column":28},"end":{"line":24,"column":29}},"loc":{"start":{"line":24,"column":48},"end":{"line":24,"column":95}},"line":24},"5":{"name":"(anonymous_5)","decl":{"start":{"line":26,"column":37},"end":{"line":26,"column":38}},"loc":{"start":{"line":27,"column":2},"end":{"line":27,"column":66}},"line":27}},"branchMap":{"0":{"loc":{"start":{"line":24,"column":48},"end":{"line":24,"column":95}},"type":"binary-expr","locations":[{"start":{"line":24,"column":48},"end":{"line":24,"column":65}},{"start":{"line":24,"column":69},"end":{"line":24,"column":95}}],"line":24},"1":{"loc":{"start":{"line":27,"column":2},"end":{"line":27,"column":66}},"type":"binary-expr","locations":[{"start":{"line":27,"column":2},"end":{"line":27,"column":39}},{"start":{"line":27,"column":43},"end":{"line":27,"column":66}}],"line":27}},"s":{"0":1,"1":1,"2":0,"3":1,"4":0,"5":1,"6":0,"7":0,"8":0,"9":1,"10":0,"11":1,"12":0},"f":{"0":0,"1":0,"2":0,"3":0,"4":0,"5":0},"b":{"0":[0,0],"1":[0,0]},"_coverageSchema":"332fd63041d2c1bcb487cc26dd0d5f7d97098a6c","hash":"66d5f6c8c4acc650874686933ced1e4b8af81237"}
,"/Users/grantstevens/dev/rocket-ui-test/src/components/DisplayField.jsx": {"path":"/Users/grantstevens/dev/rocket-ui-test/src/components/DisplayField.jsx","statementMap":{"0":{"start":{"line":5,"column":21},"end":{"line":5,"column":117}},"1":{"start":{"line":5,"column":43},"end":{"line":5,"column":117}},"2":{"start":{"line":7,"column":0},"end":{"line":13,"column":1}}},"fnMap":{"0":{"name":"(anonymous_0)","decl":{"start":{"line":5,"column":21},"end":{"line":5,"column":22}},"loc":{"start":{"line":5,"column":43},"end":{"line":5,"column":117}},"line":5}},"branchMap":{},"s":{"0":3,"1":2,"2":3},"f":{"0":2},"b":{},"_coverageSchema":"332fd63041d2c1bcb487cc26dd0d5f7d97098a6c","hash":"8a6f85612fb8c4f50cc6eeb0bb3e044af7da8856"}
,"/Users/grantstevens/dev/rocket-ui-test/src/components/LaunchCard.jsx": {"path":"/Users/grantstevens/dev/rocket-ui-test/src/components/LaunchCard.jsx","statementMap":{"0":{"start":{"line":8,"column":19},"end":{"line":27,"column":1}},"1":{"start":{"line":9,"column":58},"end":{"line":9,"column":64}},"2":{"start":{"line":10,"column":23},"end":{"line":10,"column":65}},"3":{"start":{"line":13,"column":2},"end":{"line":26,"column":7}},"4":{"start":{"line":13,"column":74},"end":{"line":13,"column":95}},"5":{"start":{"line":29,"column":0},"end":{"line":33,"column":1}}},"fnMap":{"0":{"name":"(anonymous_0)","decl":{"start":{"line":8,"column":19},"end":{"line":8,"column":20}},"loc":{"start":{"line":8,"column":65},"end":{"line":27,"column":1}},"line":8},"1":{"name":"(anonymous_1)","decl":{"start":{"line":13,"column":68},"end":{"line":13,"column":69}},"loc":{"start":{"line":13,"column":74},"end":{"line":13,"column":95}},"line":13}},"branchMap":{"0":{"loc":{"start":{"line":8,"column":22},"end":{"line":8,"column":33}},"type":"default-arg","locations":[{"start":{"line":8,"column":31},"end":{"line":8,"column":33}}],"line":8},"1":{"loc":{"start":{"line":15,"column":7},"end":{"line":15,"column":149}},"type":"cond-expr","locations":[{"start":{"line":15,"column":22},"end":{"line":15,"column":72}},{"start":{"line":15,"column":75},"end":{"line":15,"column":149}}],"line":15},"2":{"loc":{"start":{"line":23,"column":106},"end":{"line":23,"column":144}},"type":"cond-expr","locations":[{"start":{"line":23,"column":123},"end":{"line":23,"column":132}},{"start":{"line":23,"column":135},"end":{"line":23,"column":144}}],"line":23}},"s":{"0":2,"1":1,"2":1,"3":1,"4":0,"5":2},"f":{"0":1,"1":0},"b":{"0":[0],"1":[1,0],"2":[0,1]},"_coverageSchema":"332fd63041d2c1bcb487cc26dd0d5f7d97098a6c","hash":"6b41cb9771c0f2e21ca8d51e22655ac96d2fa86e"}
,"/Users/grantstevens/dev/rocket-ui-test/src/components/LaunchDetail.jsx": {"path":"/Users/grantstevens/dev/rocket-ui-test/src/components/LaunchDetail.jsx","statementMap":{"0":{"start":{"line":12,"column":18},"end":{"line":21,"column":6}},"1":{"start":{"line":12,"column":34},"end":{"line":21,"column":6}},"2":{"start":{"line":23,"column":0},"end":{"line":25,"column":1}},"3":{"start":{"line":27,"column":26},"end":{"line":29,"column":6}},"4":{"start":{"line":27,"column":42},"end":{"line":29,"column":6}},"5":{"start":{"line":31,"column":0},"end":{"line":33,"column":1}},"6":{"start":{"line":35,"column":21},"end":{"line":85,"column":1}},"7":{"start":{"line":36,"column":39},"end":{"line":36,"column":52}},"8":{"start":{"line":37,"column":95},"end":{"line":37,"column":101}},"9":{"start":{"line":38,"column":23},"end":{"line":38,"column":65}},"10":{"start":{"line":41,"column":15},"end":{"line":41,"column":81}},"11":{"start":{"line":42,"column":40},"end":{"line":42,"column":58}},"12":{"start":{"line":44,"column":22},"end":{"line":46,"column":3}},"13":{"start":{"line":45,"column":4},"end":{"line":45,"column":26}},"14":{"start":{"line":48,"column":2},"end":{"line":84,"column":9}},"15":{"start":{"line":55,"column":45},"end":{"line":55,"column":70}},"16":{"start":{"line":75,"column":40},"end":{"line":75,"column":83}},"17":{"start":{"line":87,"column":0},"end":{"line":91,"column":1}}},"fnMap":{"0":{"name":"(anonymous_0)","decl":{"start":{"line":12,"column":18},"end":{"line":12,"column":19}},"loc":{"start":{"line":12,"column":34},"end":{"line":21,"column":6}},"line":12},"1":{"name":"(anonymous_1)","decl":{"start":{"line":27,"column":26},"end":{"line":27,"column":27}},"loc":{"start":{"line":27,"column":42},"end":{"line":29,"column":6}},"line":27},"2":{"name":"(anonymous_2)","decl":{"start":{"line":35,"column":21},"end":{"line":35,"column":22}},"loc":{"start":{"line":35,"column":85},"end":{"line":85,"column":1}},"line":35},"3":{"name":"(anonymous_3)","decl":{"start":{"line":44,"column":22},"end":{"line":44,"column":23}},"loc":{"start":{"line":44,"column":33},"end":{"line":46,"column":3}},"line":44},"4":{"name":"(anonymous_4)","decl":{"start":{"line":55,"column":39},"end":{"line":55,"column":40}},"loc":{"start":{"line":55,"column":45},"end":{"line":55,"column":70}},"line":55},"5":{"name":"(anonymous_5)","decl":{"start":{"line":75,"column":33},"end":{"line":75,"column":34}},"loc":{"start":{"line":75,"column":40},"end":{"line":75,"column":83}},"line":75}},"branchMap":{"0":{"loc":{"start":{"line":35,"column":24},"end":{"line":35,"column":42}},"type":"default-arg","locations":[{"start":{"line":35,"column":40},"end":{"line":35,"column":42}}],"line":35},"1":{"loc":{"start":{"line":36,"column":10},"end":{"line":36,"column":21}},"type":"default-arg","locations":[{"start":{"line":36,"column":19},"end":{"line":36,"column":21}}],"line":36},"2":{"loc":{"start":{"line":36,"column":23},"end":{"line":36,"column":34}},"type":"default-arg","locations":[{"start":{"line":36,"column":32},"end":{"line":36,"column":34}}],"line":36},"3":{"loc":{"start":{"line":50,"column":5},"end":{"line":50,"column":77}},"type":"binary-expr","locations":[{"start":{"line":50,"column":5},"end":{"line":50,"column":19}},{"start":{"line":50,"column":23},"end":{"line":50,"column":77}}],"line":50},"4":{"loc":{"start":{"line":51,"column":5},"end":{"line":82,"column":10}},"type":"cond-expr","locations":[{"start":{"line":51,"column":47},"end":{"line":80,"column":21}},{"start":{"line":80,"column":24},"end":{"line":82,"column":10}}],"line":51},"5":{"loc":{"start":{"line":51,"column":5},"end":{"line":51,"column":44}},"type":"binary-expr","locations":[{"start":{"line":51,"column":5},"end":{"line":51,"column":25}},{"start":{"line":51,"column":29},"end":{"line":51,"column":44}}],"line":51},"6":{"loc":{"start":{"line":60,"column":13},"end":{"line":60,"column":162}},"type":"cond-expr","locations":[{"start":{"line":60,"column":28},"end":{"line":60,"column":85}},{"start":{"line":60,"column":88},"end":{"line":60,"column":162}}],"line":60},"7":{"loc":{"start":{"line":69,"column":108},"end":{"line":69,"column":146}},"type":"cond-expr","locations":[{"start":{"line":69,"column":125},"end":{"line":69,"column":134}},{"start":{"line":69,"column":137},"end":{"line":69,"column":146}}],"line":69},"8":{"loc":{"start":{"line":70,"column":11},"end":{"line":70,"column":117}},"type":"binary-expr","locations":[{"start":{"line":70,"column":11},"end":{"line":70,"column":26}},{"start":{"line":70,"column":30},"end":{"line":70,"column":117}}],"line":70},"9":{"loc":{"start":{"line":77,"column":9},"end":{"line":77,"column":66}},"type":"binary-expr","locations":[{"start":{"line":77,"column":9},"end":{"line":77,"column":33}},{"start":{"line":77,"column":37},"end":{"line":77,"column":66}}],"line":77},"10":{"loc":{"start":{"line":78,"column":9},"end":{"line":78,"column":82}},"type":"binary-expr","locations":[{"start":{"line":78,"column":9},"end":{"line":78,"column":41}},{"start":{"line":78,"column":45},"end":{"line":78,"column":82}}],"line":78}},"s":{"0":1,"1":0,"2":1,"3":1,"4":0,"5":1,"6":1,"7":0,"8":0,"9":0,"10":0,"11":0,"12":0,"13":0,"14":0,"15":0,"16":0,"17":1},"f":{"0":0,"1":0,"2":0,"3":0,"4":0,"5":0},"b":{"0":[0],"1":[0],"2":[0],"3":[0,0],"4":[0,0],"5":[0,0],"6":[0,0],"7":[0,0],"8":[0,0],"9":[0,0],"10":[0,0]},"_coverageSchema":"332fd63041d2c1bcb487cc26dd0d5f7d97098a6c","hash":"11584570734435d5f9349249c2700d55eb4305e8"}
,"/Users/grantstevens/dev/rocket-ui-test/src/components/Navigation.jsx": {"path":"/Users/grantstevens/dev/rocket-ui-test/src/components/Navigation.jsx","statementMap":{"0":{"start":{"line":7,"column":19},"end":{"line":20,"column":1}},"1":{"start":{"line":8,"column":23},"end":{"line":8,"column":35}},"2":{"start":{"line":11,"column":2},"end":{"line":19,"column":7}}},"fnMap":{"0":{"name":"(anonymous_0)","decl":{"start":{"line":7,"column":19},"end":{"line":7,"column":20}},"loc":{"start":{"line":7,"column":25},"end":{"line":20,"column":1}},"line":7}},"branchMap":{},"s":{"0":1,"1":0,"2":0},"f":{"0":0},"b":{},"_coverageSchema":"332fd63041d2c1bcb487cc26dd0d5f7d97098a6c","hash":"ccf99f8503b61c36cff2178fb7d5187efa27fd32"}
,"/Users/grantstevens/dev/rocket-ui-test/src/components/tabs.jsx": {"path":"/Users/grantstevens/dev/rocket-ui-test/src/components/tabs.jsx","statementMap":{"0":{"start":{"line":7,"column":22},"end":{"line":13,"column":1}},"1":{"start":{"line":9,"column":28},"end":{"line":9,"column":208}},"2":{"start":{"line":9,"column":66},"end":{"line":9,"column":207}},"3":{"start":{"line":9,"column":109},"end":{"line":9,"column":136}},"4":{"start":{"line":10,"column":2},"end":{"line":12,"column":8}},"5":{"start":{"line":15,"column":0},"end":{"line":25,"column":1}},"6":{"start":{"line":27,"column":19},"end":{"line":29,"column":6}},"7":{"start":{"line":27,"column":56},"end":{"line":29,"column":6}},"8":{"start":{"line":31,"column":0},"end":{"line":39,"column":1}}},"fnMap":{"0":{"name":"(anonymous_0)","decl":{"start":{"line":7,"column":22},"end":{"line":7,"column":23}},"loc":{"start":{"line":7,"column":68},"end":{"line":13,"column":1}},"line":7},"1":{"name":"(anonymous_1)","decl":{"start":{"line":9,"column":57},"end":{"line":9,"column":58}},"loc":{"start":{"line":9,"column":66},"end":{"line":9,"column":207}},"line":9},"2":{"name":"(anonymous_2)","decl":{"start":{"line":9,"column":103},"end":{"line":9,"column":104}},"loc":{"start":{"line":9,"column":109},"end":{"line":9,"column":136}},"line":9},"3":{"name":"(anonymous_3)","decl":{"start":{"line":27,"column":19},"end":{"line":27,"column":20}},"loc":{"start":{"line":27,"column":56},"end":{"line":29,"column":6}},"line":27}},"branchMap":{"0":{"loc":{"start":{"line":7,"column":25},"end":{"line":7,"column":41}},"type":"default-arg","locations":[{"start":{"line":7,"column":39},"end":{"line":7,"column":41}}],"line":7},"1":{"loc":{"start":{"line":9,"column":171},"end":{"line":9,"column":203}},"type":"binary-expr","locations":[{"start":{"line":9,"column":171},"end":{"line":9,"column":188}},{"start":{"line":9,"column":192},"end":{"line":9,"column":203}}],"line":9}},"s":{"0":1,"1":0,"2":0,"3":0,"4":0,"5":1,"6":1,"7":0,"8":1},"f":{"0":0,"1":0,"2":0,"3":0},"b":{"0":[0],"1":[0,0]},"_coverageSchema":"332fd63041d2c1bcb487cc26dd0d5f7d97098a6c","hash":"24574d055a8b95e54585c5f35cfbe8c1321276eb"}
,"/Users/grantstevens/dev/rocket-ui-test/src/services/LaunchService.js": {"path":"/Users/grantstevens/dev/rocket-ui-test/src/services/LaunchService.js","statementMap":{"0":{"start":{"line":3,"column":21},"end":{"line":3,"column":52}},"1":{"start":{"line":5,"column":12},"end":{"line":5,"column":26}},"2":{"start":{"line":6,"column":14},"end":{"line":6,"column":43}},"3":{"start":{"line":8,"column":22},"end":{"line":12,"column":1}},"4":{"start":{"line":9,"column":21},"end":{"line":9,"column":56}},"5":{"start":{"line":10,"column":21},"end":{"line":10,"column":62}},"6":{"start":{"line":11,"column":21},"end":{"line":11,"column":61}}},"fnMap":{"0":{"name":"(anonymous_0)","decl":{"start":{"line":9,"column":15},"end":{"line":9,"column":16}},"loc":{"start":{"line":9,"column":21},"end":{"line":9,"column":56}},"line":9},"1":{"name":"(anonymous_1)","decl":{"start":{"line":10,"column":13},"end":{"line":10,"column":14}},"loc":{"start":{"line":10,"column":21},"end":{"line":10,"column":62}},"line":10},"2":{"name":"(anonymous_2)","decl":{"start":{"line":11,"column":13},"end":{"line":11,"column":14}},"loc":{"start":{"line":11,"column":21},"end":{"line":11,"column":61}},"line":11}},"branchMap":{},"s":{"0":1,"1":1,"2":1,"3":1,"4":0,"5":0,"6":0},"f":{"0":0,"1":0,"2":0},"b":{},"_coverageSchema":"332fd63041d2c1bcb487cc26dd0d5f7d97098a6c","hash":"c67293c2fee0da37820f86cd6190f0586b660b4a"}
,"/Users/grantstevens/dev/rocket-ui-test/src/shared/SvgIcon.jsx": {"path":"/Users/grantstevens/dev/rocket-ui-test/src/shared/SvgIcon.jsx","statementMap":{"0":{"start":{"line":5,"column":17},"end":{"line":10,"column":1}},"1":{"start":{"line":12,"column":16},"end":{"line":21,"column":1}},"2":{"start":{"line":15,"column":15},"end":{"line":15,"column":153}},"3":{"start":{"line":16,"column":2},"end":{"line":20,"column":9}},"4":{"start":{"line":26,"column":14},"end":{"line":26,"column":16}},"5":{"start":{"line":27,"column":0},"end":{"line":30,"column":2}},"6":{"start":{"line":28,"column":32},"end":{"line":28,"column":45}},"7":{"start":{"line":29,"column":2},"end":{"line":29,"column":88}},"8":{"start":{"line":29,"column":26},"end":{"line":29,"column":88}}},"fnMap":{"0":{"name":"(anonymous_0)","decl":{"start":{"line":12,"column":16},"end":{"line":12,"column":17}},"loc":{"start":{"line":12,"column":148},"end":{"line":21,"column":1}},"line":12},"1":{"name":"(anonymous_1)","decl":{"start":{"line":27,"column":30},"end":{"line":27,"column":31}},"loc":{"start":{"line":27,"column":37},"end":{"line":30,"column":1}},"line":27},"2":{"name":"(anonymous_2)","decl":{"start":{"line":29,"column":15},"end":{"line":29,"column":16}},"loc":{"start":{"line":29,"column":26},"end":{"line":29,"column":88}},"line":29}},"branchMap":{"0":{"loc":{"start":{"line":12,"column":25},"end":{"line":12,"column":40}},"type":"default-arg","locations":[{"start":{"line":12,"column":34},"end":{"line":12,"column":40}}],"line":12},"1":{"loc":{"start":{"line":12,"column":42},"end":{"line":12,"column":56}},"type":"default-arg","locations":[{"start":{"line":12,"column":50},"end":{"line":12,"column":56}}],"line":12},"2":{"loc":{"start":{"line":12,"column":67},"end":{"line":12,"column":84}},"type":"default-arg","locations":[{"start":{"line":12,"column":74},"end":{"line":12,"column":84}}],"line":12},"3":{"loc":{"start":{"line":12,"column":86},"end":{"line":12,"column":122}},"type":"default-arg","locations":[{"start":{"line":12,"column":97},"end":{"line":12,"column":122}}],"line":12},"4":{"loc":{"start":{"line":15,"column":15},"end":{"line":15,"column":153}},"type":"binary-expr","locations":[{"start":{"line":15,"column":15},"end":{"line":15,"column":22}},{"start":{"line":15,"column":26},"end":{"line":15,"column":153}}],"line":15}},"s":{"0":1,"1":1,"2":0,"3":0,"4":1,"5":1,"6":1,"7":1,"8":0},"f":{"0":0,"1":1,"2":0},"b":{"0":[0],"1":[0],"2":[0],"3":[0],"4":[0,0]},"_coverageSchema":"332fd63041d2c1bcb487cc26dd0d5f7d97098a6c","hash":"b4db38f0e964b4bb74efb4e7b8c24114c241ed28"}
,"/Users/grantstevens/dev/rocket-ui-test/src/shared/constants.js": {"path":"/Users/grantstevens/dev/rocket-ui-test/src/shared/constants.js","statementMap":{"0":{"start":{"line":1,"column":26},"end":{"line":1,"column":35}}},"fnMap":{},"branchMap":{},"s":{"0":1},"f":{},"b":{},"_coverageSchema":"332fd63041d2c1bcb487cc26dd0d5f7d97098a6c","hash":"7aea155267064bf198c9d5b51af8a2e8250d514f"}
,"/Users/grantstevens/dev/rocket-ui-test/src/views/ConnectedView.jsx": {"path":"/Users/grantstevens/dev/rocket-ui-test/src/views/ConnectedView.jsx","statementMap":{"0":{"start":{"line":8,"column":27},"end":{"line":19,"column":3}},"1":{"start":{"line":9,"column":24},"end":{"line":12,"column":5}},"2":{"start":{"line":14,"column":4},"end":{"line":18,"column":6}},"3":{"start":{"line":21,"column":26},"end":{"line":21,"column":40}},"4":{"start":{"line":21,"column":35},"end":{"line":21,"column":40}},"5":{"start":{"line":23,"column":29},"end":{"line":25,"column":4}},"6":{"start":{"line":23,"column":42},"end":{"line":25,"column":3}},"7":{"start":{"line":27,"column":2},"end":{"line":30,"column":22}}},"fnMap":{"0":{"name":"MasterLayoutHOC","decl":{"start":{"line":7,"column":9},"end":{"line":7,"column":24}},"loc":{"start":{"line":7,"column":53},"end":{"line":31,"column":1}},"line":7},"1":{"name":"(anonymous_1)","decl":{"start":{"line":8,"column":27},"end":{"line":8,"column":28}},"loc":{"start":{"line":8,"column":38},"end":{"line":19,"column":3}},"line":8},"2":{"name":"(anonymous_2)","decl":{"start":{"line":21,"column":26},"end":{"line":21,"column":27}},"loc":{"start":{"line":21,"column":35},"end":{"line":21,"column":40}},"line":21},"3":{"name":"(anonymous_3)","decl":{"start":{"line":23,"column":29},"end":{"line":23,"column":30}},"loc":{"start":{"line":23,"column":42},"end":{"line":25,"column":3}},"line":23}},"branchMap":{},"s":{"0":1,"1":0,"2":0,"3":1,"4":0,"5":1,"6":0,"7":1},"f":{"0":1,"1":0,"2":0,"3":0},"b":{},"_coverageSchema":"332fd63041d2c1bcb487cc26dd0d5f7d97098a6c","hash":"c0ca5165b815bfb691d575845bf516e9d9fd2078"}
,"/Users/grantstevens/dev/rocket-ui-test/src/views/Launches.jsx": {"path":"/Users/grantstevens/dev/rocket-ui-test/src/views/Launches.jsx","statementMap":{"0":{"start":{"line":10,"column":21},"end":{"line":70,"column":1}},"1":{"start":{"line":12,"column":28},"end":{"line":12,"column":44}},"2":{"start":{"line":13,"column":44},"end":{"line":13,"column":54}},"3":{"start":{"line":14,"column":46},"end":{"line":14,"column":61}},"4":{"start":{"line":16,"column":2},"end":{"line":18,"column":8}},"5":{"start":{"line":17,"column":4},"end":{"line":17,"column":60}},"6":{"start":{"line":23,"column":24},"end":{"line":40,"column":3}},"7":{"start":{"line":25,"column":4},"end":{"line":27,"column":5}},"8":{"start":{"line":26,"column":6},"end":{"line":26,"column":31}},"9":{"start":{"line":29,"column":21},"end":{"line":29,"column":54}},"10":{"start":{"line":30,"column":4},"end":{"line":30,"column":27}},"11":{"start":{"line":32,"column":4},"end":{"line":39,"column":6}},"12":{"start":{"line":33,"column":6},"end":{"line":33,"column":48}},"13":{"start":{"line":38,"column":6},"end":{"line":38,"column":31}},"14":{"start":{"line":42,"column":29},"end":{"line":44,"column":3}},"15":{"start":{"line":43,"column":4},"end":{"line":43,"column":22}},"16":{"start":{"line":46,"column":2},"end":{"line":69,"column":4}},"17":{"start":{"line":54,"column":65},"end":{"line":59,"column":15}},"18":{"start":{"line":72,"column":0},"end":{"line":76,"column":1}}},"fnMap":{"0":{"name":"(anonymous_0)","decl":{"start":{"line":10,"column":21},"end":{"line":10,"column":22}},"loc":{"start":{"line":10,"column":82},"end":{"line":70,"column":1}},"line":10},"1":{"name":"(anonymous_1)","decl":{"start":{"line":16,"column":12},"end":{"line":16,"column":13}},"loc":{"start":{"line":16,"column":18},"end":{"line":18,"column":3}},"line":16},"2":{"name":"(anonymous_2)","decl":{"start":{"line":23,"column":24},"end":{"line":23,"column":25}},"loc":{"start":{"line":23,"column":36},"end":{"line":40,"column":3}},"line":23},"3":{"name":"(anonymous_3)","decl":{"start":{"line":32,"column":50},"end":{"line":32,"column":51}},"loc":{"start":{"line":32,"column":64},"end":{"line":34,"column":5}},"line":32},"4":{"name":"(anonymous_4)","decl":{"start":{"line":34,"column":13},"end":{"line":34,"column":14}},"loc":{"start":{"line":34,"column":20},"end":{"line":37,"column":5}},"line":34},"5":{"name":"(anonymous_5)","decl":{"start":{"line":37,"column":15},"end":{"line":37,"column":16}},"loc":{"start":{"line":37,"column":21},"end":{"line":39,"column":5}},"line":37},"6":{"name":"(anonymous_6)","decl":{"start":{"line":42,"column":29},"end":{"line":42,"column":30}},"loc":{"start":{"line":42,"column":35},"end":{"line":44,"column":3}},"line":42},"7":{"name":"(anonymous_7)","decl":{"start":{"line":54,"column":54},"end":{"line":54,"column":55}},"loc":{"start":{"line":54,"column":65},"end":{"line":59,"column":15}},"line":54}},"branchMap":{"0":{"loc":{"start":{"line":10,"column":34},"end":{"line":10,"column":57}},"type":"default-arg","locations":[{"start":{"line":10,"column":55},"end":{"line":10,"column":57}}],"line":10},"1":{"loc":{"start":{"line":12,"column":10},"end":{"line":12,"column":23}},"type":"default-arg","locations":[{"start":{"line":12,"column":21},"end":{"line":12,"column":23}}],"line":12},"2":{"loc":{"start":{"line":25,"column":4},"end":{"line":27,"column":5}},"type":"if","locations":[{"start":{"line":25,"column":4},"end":{"line":27,"column":5}},{"start":{"line":25,"column":4},"end":{"line":27,"column":5}}],"line":25},"3":{"loc":{"start":{"line":49,"column":7},"end":{"line":49,"column":99}},"type":"binary-expr","locations":[{"start":{"line":49,"column":8},"end":{"line":49,"column":25}},{"start":{"line":49,"column":29},"end":{"line":49,"column":54}},{"start":{"line":49,"column":59},"end":{"line":49,"column":99}}],"line":49},"4":{"loc":{"start":{"line":51,"column":7},"end":{"line":51,"column":64}},"type":"binary-expr","locations":[{"start":{"line":51,"column":7},"end":{"line":51,"column":40}},{"start":{"line":51,"column":44},"end":{"line":51,"column":64}}],"line":51}},"s":{"0":1,"1":0,"2":0,"3":0,"4":0,"5":0,"6":0,"7":0,"8":0,"9":0,"10":0,"11":0,"12":0,"13":0,"14":0,"15":0,"16":0,"17":0,"18":1},"f":{"0":0,"1":0,"2":0,"3":0,"4":0,"5":0,"6":0,"7":0},"b":{"0":[0],"1":[0],"2":[0,0],"3":[0,0,0],"4":[0,0]},"_coverageSchema":"332fd63041d2c1bcb487cc26dd0d5f7d97098a6c","hash":"235aeb42e33957e84397f7e6edca7bb3e1bcb2be"}
,"/Users/grantstevens/dev/rocket-ui-test/src/views/Layout.jsx": {"path":"/Users/grantstevens/dev/rocket-ui-test/src/views/Layout.jsx","statementMap":{"0":{"start":{"line":6,"column":15},"end":{"line":41,"column":1}},"1":{"start":{"line":9,"column":44},"end":{"line":9,"column":59}},"2":{"start":{"line":11,"column":26},"end":{"line":13,"column":3}},"3":{"start":{"line":12,"column":4},"end":{"line":12,"column":36}},"4":{"start":{"line":15,"column":2},"end":{"line":40,"column":10}},"5":{"start":{"line":43,"column":0},"end":{"line":50,"column":1}}},"fnMap":{"0":{"name":"(anonymous_0)","decl":{"start":{"line":6,"column":15},"end":{"line":6,"column":16}},"loc":{"start":{"line":8,"column":6},"end":{"line":41,"column":1}},"line":8},"1":{"name":"(anonymous_1)","decl":{"start":{"line":11,"column":26},"end":{"line":11,"column":27}},"loc":{"start":{"line":11,"column":32},"end":{"line":13,"column":3}},"line":11}},"branchMap":{},"s":{"0":1,"1":0,"2":0,"3":0,"4":0,"5":1},"f":{"0":0,"1":0},"b":{},"_coverageSchema":"332fd63041d2c1bcb487cc26dd0d5f7d97098a6c","hash":"5bfdc353957cd97216f58daf20221d7676b32a4e"}
}
