TN:
SF:/Users/grantstevens/dev/rocket-ui-test/src/routes.jsx
FN:8,(anonymous_0)
FNF:1
FNH:1
FNDA:1,(anonymous_0)
DA:8,1
DA:9,1
LF:2
LH:2
BRF:0
BRH:0
end_of_record
TN:
SF:/Users/grantstevens/dev/rocket-ui-test/src/actions/Launches.js
FN:8,(anonymous_0)
FN:12,(anonymous_1)
FN:19,(anonymous_2)
FN:21,(anonymous_3)
FN:24,(anonymous_4)
FN:26,(anonymous_5)
FNF:6
FNH:0
FNDA:0,(anonymous_0)
FNDA:0,(anonymous_1)
FNDA:0,(anonymous_2)
FNDA:0,(anonymous_3)
FNDA:0,(anonymous_4)
FNDA:0,(anonymous_5)
DA:3,1
DA:8,1
DA:12,1
DA:19,1
DA:20,0
DA:21,0
DA:24,1
DA:26,1
DA:27,0
LF:9
LH:6
BRDA:24,0,0,0
BRDA:24,0,1,0
BRDA:27,1,0,0
BRDA:27,1,1,0
BRF:4
BRH:0
end_of_record
TN:
SF:/Users/grantstevens/dev/rocket-ui-test/src/components/DisplayField.jsx
FN:5,(anonymous_0)
FNF:1
FNH:1
FNDA:2,(anonymous_0)
DA:5,3
DA:7,3
LF:2
LH:2
BRF:0
BRH:0
end_of_record
TN:
SF:/Users/grantstevens/dev/rocket-ui-test/src/components/LaunchCard.jsx
FN:8,(anonymous_0)
FN:13,(anonymous_1)
FNF:2
FNH:1
FNDA:1,(anonymous_0)
FNDA:0,(anonymous_1)
DA:8,2
DA:9,1
DA:10,1
DA:13,1
DA:29,2
LF:5
LH:5
BRDA:8,0,0,0
BRDA:15,1,0,1
BRDA:15,1,1,0
BRDA:23,2,0,0
BRDA:23,2,1,1
BRF:5
BRH:2
end_of_record
TN:
SF:/Users/grantstevens/dev/rocket-ui-test/src/components/LaunchDetail.jsx
FN:12,(anonymous_0)
FN:27,(anonymous_1)
FN:35,(anonymous_2)
FN:44,(anonymous_3)
FN:55,(anonymous_4)
FN:75,(anonymous_5)
FNF:6
FNH:0
FNDA:0,(anonymous_0)
FNDA:0,(anonymous_1)
FNDA:0,(anonymous_2)
FNDA:0,(anonymous_3)
FNDA:0,(anonymous_4)
FNDA:0,(anonymous_5)
DA:12,1
DA:23,1
DA:27,1
DA:31,1
DA:35,1
DA:36,0
DA:37,0
DA:38,0
DA:41,0
DA:42,0
DA:44,0
DA:45,0
DA:48,0
DA:55,0
DA:75,0
DA:87,1
LF:16
LH:6
BRDA:35,0,0,0
BRDA:36,1,0,0
BRDA:36,2,0,0
BRDA:50,3,0,0
BRDA:50,3,1,0
BRDA:51,4,0,0
BRDA:51,4,1,0
BRDA:51,5,0,0
BRDA:51,5,1,0
BRDA:60,6,0,0
BRDA:60,6,1,0
BRDA:69,7,0,0
BRDA:69,7,1,0
BRDA:70,8,0,0
BRDA:70,8,1,0
BRDA:77,9,0,0
BRDA:77,9,1,0
BRDA:78,10,0,0
BRDA:78,10,1,0
BRF:19
BRH:0
end_of_record
TN:
SF:/Users/grantstevens/dev/rocket-ui-test/src/components/Navigation.jsx
FN:7,(anonymous_0)
FNF:1
FNH:0
FNDA:0,(anonymous_0)
DA:7,1
DA:8,0
DA:11,0
LF:3
LH:1
BRF:0
BRH:0
end_of_record
TN:
SF:/Users/grantstevens/dev/rocket-ui-test/src/components/tabs.jsx
FN:7,(anonymous_0)
FN:9,(anonymous_1)
FN:9,(anonymous_2)
FN:27,(anonymous_3)
FNF:4
FNH:0
FNDA:0,(anonymous_0)
FNDA:0,(anonymous_1)
FNDA:0,(anonymous_2)
FNDA:0,(anonymous_3)
DA:7,1
DA:9,0
DA:10,0
DA:15,1
DA:27,1
DA:31,1
LF:6
LH:4
BRDA:7,0,0,0
BRDA:9,1,0,0
BRDA:9,1,1,0
BRF:3
BRH:0
end_of_record
TN:
SF:/Users/grantstevens/dev/rocket-ui-test/src/services/LaunchService.js
FN:9,(anonymous_0)
FN:10,(anonymous_1)
FN:11,(anonymous_2)
FNF:3
FNH:0
FNDA:0,(anonymous_0)
FNDA:0,(anonymous_1)
FNDA:0,(anonymous_2)
DA:3,1
DA:5,1
DA:6,1
DA:8,1
DA:9,0
DA:10,0
DA:11,0
LF:7
LH:4
BRF:0
BRH:0
end_of_record
TN:
SF:/Users/grantstevens/dev/rocket-ui-test/src/shared/SvgIcon.jsx
FN:12,(anonymous_0)
FN:27,(anonymous_1)
FN:29,(anonymous_2)
FNF:3
FNH:1
FNDA:0,(anonymous_0)
FNDA:1,(anonymous_1)
FNDA:0,(anonymous_2)
DA:5,1
DA:12,1
DA:15,0
DA:16,0
DA:26,1
DA:27,1
DA:28,1
DA:29,1
LF:8
LH:6
BRDA:12,0,0,0
BRDA:12,1,0,0
BRDA:12,2,0,0
BRDA:12,3,0,0
BRDA:15,4,0,0
BRDA:15,4,1,0
BRF:6
BRH:0
end_of_record
TN:
SF:/Users/grantstevens/dev/rocket-ui-test/src/shared/constants.js
FNF:0
FNH:0
DA:1,1
LF:1
LH:1
BRF:0
BRH:0
end_of_record
TN:
SF:/Users/grantstevens/dev/rocket-ui-test/src/views/ConnectedView.jsx
FN:7,MasterLayoutHOC
FN:8,(anonymous_1)
FN:21,(anonymous_2)
FN:23,(anonymous_3)
FNF:4
FNH:1
FNDA:1,MasterLayoutHOC
FNDA:0,(anonymous_1)
FNDA:0,(anonymous_2)
FNDA:0,(anonymous_3)
DA:8,1
DA:9,0
DA:14,0
DA:21,1
DA:23,1
DA:27,1
LF:6
LH:4
BRF:0
BRH:0
end_of_record
TN:
SF:/Users/grantstevens/dev/rocket-ui-test/src/views/Launches.jsx
FN:10,(anonymous_0)
FN:16,(anonymous_1)
FN:23,(anonymous_2)
FN:32,(anonymous_3)
FN:34,(anonymous_4)
FN:37,(anonymous_5)
FN:42,(anonymous_6)
FN:54,(anonymous_7)
FNF:8
FNH:0
FNDA:0,(anonymous_0)
FNDA:0,(anonymous_1)
FNDA:0,(anonymous_2)
FNDA:0,(anonymous_3)
FNDA:0,(anonymous_4)
FNDA:0,(anonymous_5)
FNDA:0,(anonymous_6)
FNDA:0,(anonymous_7)
DA:10,1
DA:12,0
DA:13,0
DA:14,0
DA:16,0
DA:17,0
DA:23,0
DA:25,0
DA:26,0
DA:29,0
DA:30,0
DA:32,0
DA:33,0
DA:38,0
DA:42,0
DA:43,0
DA:46,0
DA:54,0
DA:72,1
LF:19
LH:2
BRDA:10,0,0,0
BRDA:12,1,0,0
BRDA:25,2,0,0
BRDA:25,2,1,0
BRDA:49,3,0,0
BRDA:49,3,1,0
BRDA:49,3,2,0
BRDA:51,4,0,0
BRDA:51,4,1,0
BRF:9
BRH:0
end_of_record
TN:
SF:/Users/grantstevens/dev/rocket-ui-test/src/views/Layout.jsx
FN:6,(anonymous_0)
FN:11,(anonymous_1)
FNF:2
FNH:0
FNDA:0,(anonymous_0)
FNDA:0,(anonymous_1)
DA:6,1
DA:9,0
DA:11,0
DA:12,0
DA:15,0
DA:43,1
LF:6
LH:2
BRF:0
BRH:0
end_of_record
